<?xml version="1.0" encoding="UTF-8"?>
<testsuite name="Regression Test"
           tests="3"
           failures="0"
           errors="0"
           skipped="0"
           time="4.457">
  <properties />
  
  
            <testcase name="verifyThatFirstNameLastNameEmailAndPasswordAndConfirmPasswordFieldsAreMandatory" time="0.663" classname="com.nopcommerce.testsuite.RegisterPageTest" />
                <testcase name="verifyUserShouldNavigateToRegisterPagsuccessFully" time="0.577" classname="com.nopcommerce.testsuite.RegisterPageTest" />
                <testcase name="VerifyThatUserShouldCreateAccountSuccessfully" time="3.217" classname="com.nopcommerce.testsuite.RegisterPageTest" />
      
</testsuite>
